<?xml version="1.0" encoding="UTF-8"?>
<testng-results ignored="0" total="1" passed="1" failed="0" skipped="0">
  <reporter-output>
  </reporter-output>
  <suite started-at="2022-07-26T20:24:11 PDT" name="Default suite" finished-at="2022-07-26T20:24:27 PDT" duration-ms="16799">
    <groups>
    </groups>
    <test started-at="2022-07-26T20:24:11 PDT" name="Default test" finished-at="2022-07-26T20:24:27 PDT" duration-ms="16799">
      <class name="com.bridgelabz.frame.FrameDemo">
        <test-method is-config="true" signature="launchBrowswe()[pri:0, instance:com.bridgelabz.frame.FrameDemo@18d87d80]" started-at="2022-07-26T20:24:11 PDT" name="launchBrowswe" finished-at="2022-07-26T20:24:15 PDT" duration-ms="3988" status="PASS">
          <reporter-output>
          </reporter-output>
        </test-method> <!-- launchBrowswe -->
        <test-method signature="enterText_InsideAnElement_InTheFrame()[pri:0, instance:com.bridgelabz.frame.FrameDemo@18d87d80]" started-at="2022-07-26T20:24:15 PDT" name="enterText_InsideAnElement_InTheFrame" finished-at="2022-07-26T20:24:27 PDT" duration-ms="12730" status="PASS">
          <reporter-output>
          </reporter-output>
        </test-method> <!-- enterText_InsideAnElement_InTheFrame -->
      </class> <!-- com.bridgelabz.frame.FrameDemo -->
    </test> <!-- Default test -->
  </suite> <!-- Default suite -->
</testng-results>
