<?xml version="1.0" encoding="UTF-8"?>
<testng-results ignored="0" total="1" passed="1" failed="0" skipped="0">
  <reporter-output>
  </reporter-output>
  <suite started-at="2022-07-26T20:43:27 PDT" name="Default suite" finished-at="2022-07-26T20:44:52 PDT" duration-ms="85465">
    <groups>
    </groups>
    <test started-at="2022-07-26T20:43:27 PDT" name="Default test" finished-at="2022-07-26T20:44:52 PDT" duration-ms="85465">
      <class name="com.bridgelabz.contextclick.ContextClick">
        <test-method is-config="true" signature="launchBrowswe()[pri:0, instance:com.bridgelabz.contextclick.ContextClick@18d87d80]" started-at="2022-07-26T20:43:27 PDT" name="launchBrowswe" finished-at="2022-07-26T20:43:34 PDT" duration-ms="7085" status="PASS">
          <reporter-output>
          </reporter-output>
        </test-method> <!-- launchBrowswe -->
        <test-method signature="contextClick_UsingActionClass()[pri:0, instance:com.bridgelabz.contextclick.ContextClick@18d87d80]" started-at="2022-07-26T20:43:34 PDT" name="contextClick_UsingActionClass" finished-at="2022-07-26T20:44:52 PDT" duration-ms="78081" status="PASS">
          <reporter-output>
          </reporter-output>
        </test-method> <!-- contextClick_UsingActionClass -->
      </class> <!-- com.bridgelabz.contextclick.ContextClick -->
    </test> <!-- Default test -->
  </suite> <!-- Default suite -->
</testng-results>
